<?xml version="1.0" encoding="UTF-8"?>
<testsuite xmlns:xsi="http://www.w3.org/2001/XMLSchema-instance" xsi:noNamespaceSchemaLocation="https://maven.apache.org/surefire/maven-surefire-plugin/xsd/surefire-test-report-3.0.xsd" version="3.0" name="runner.TestRunner" time="20.888" tests="4" errors="2" skipped="0" failures="0">
  <properties>
[...]
</properties>
  <testcase name="Validate google search is working" classname="fearture to test google test functionality" time="1.995">
    <error message="The step &apos;user is on google search page&apos; and 3 other step(s) are undefined.&#10;You can implement these steps using the snippet(s) below:&#10;&#10;@Given(&quot;user is on google search page&quot;)&#10;public void user_is_on_google_search_page() {&#10;    // Write code here that turns the phrase above into concrete actions&#10;    throw new io.cucumber.java.PendingException();&#10;}&#10;@When(&quot;user enter a test in search box&quot;)&#10;public void user_enter_a_test_in_search_box() {&#10;    // Write code here that turns the phrase above into concrete actions&#10;    throw new io.cucumber.java.PendingException();&#10;}&#10;@When(&quot;click on enter&quot;)&#10;public void click_on_enter() {&#10;    // Write code here that turns the phrase above into concrete actions&#10;    throw new io.cucumber.java.PendingException();&#10;}&#10;@Then(&quot;user navigated to serached results&quot;)&#10;public void user_navigated_to_serached_results() {&#10;    // Write code here that turns the phrase above into concrete actions&#10;    throw new io.cucumber.java.PendingException();&#10;}&#10;" type="io.cucumber.junit.UndefinedStepException"><![CDATA[io.cucumber.junit.UndefinedStepException: 
The step 'user is on google search page' and 3 other step(s) are undefined.
You can implement these steps using the snippet(s) below:

@Given("user is on google search page")
public void user_is_on_google_search_page() {
    // Write code here that turns the phrase above into concrete actions
    throw new io.cucumber.java.PendingException();
}
@When("user enter a test in search box")
public void user_enter_a_test_in_search_box() {
    // Write code here that turns the phrase above into concrete actions
    throw new io.cucumber.java.PendingException();
}
@When("click on enter")
public void click_on_enter() {
    // Write code here that turns the phrase above into concrete actions
    throw new io.cucumber.java.PendingException();
}
@Then("user navigated to serached results")
public void user_navigated_to_serached_results() {
    // Write code here that turns the phrase above into concrete actions
    throw new io.cucumber.java.PendingException();
}

]]></error>
    <system-out><![CDATA[
Scenario: Validate google search is working # src/test/resources/feature/GoogleSearch.feature:3
  Given browser is open                     # steps.loginDemoSteps.browser_is_open()
  And user is on google search page
  When user enter a test in search box
  And click on enter
  Then user navigated to serached results
]]></system-out>
  </testcase>
  <testcase name="Check login is successfil wiith valid creadentials #1" classname="Test login functionlityt" time="9.142">
    <system-out><![CDATA[
Scenario Outline: Check login is successfil wiith valid creadentials # src/test/resources/feature/LoginDemo.feature:12
  Given browser is open                                              # steps.loginDemoSteps.browser_is_open()
  And user is on login page                                          # steps.loginDemoSteps.user_is_on_login_page()
  When user enter Raghav and 12345                                   # steps.loginDemoSteps.user_enter_username_and_password(java.lang.String,java.lang.String)
  And user click on login button                                     # steps.loginDemoSteps.user_click_on_login_button()
Inside the -user is navigated to the home page 
  Then user is navigated to the home page                            # steps.loginDemoSteps.user_is_navigated_to_the_home_page()
]]></system-out>
  </testcase>
  <testcase name="Check login is successfil wiith valid creadentials #2" classname="Test login functionlityt" time="8.46">
    <system-out><![CDATA[
Scenario Outline: Check login is successfil wiith valid creadentials # src/test/resources/feature/LoginDemo.feature:13
  Given browser is open                                              # steps.loginDemoSteps.browser_is_open()
  And user is on login page                                          # steps.loginDemoSteps.user_is_on_login_page()
  When user enter Ele and 12345                                      # steps.loginDemoSteps.user_enter_username_and_password(java.lang.String,java.lang.String)
  And user click on login button                                     # steps.loginDemoSteps.user_click_on_login_button()
Inside the -user is navigated to the home page 
  Then user is navigated to the home page                            # steps.loginDemoSteps.user_is_navigated_to_the_home_page()
]]></system-out>
    <system-err><![CDATA[Feb 20, 2024 2:11:32 PM org.openqa.selenium.remote.http.WebSocket$Listener onError
WARNING: Connection reset
java.net.SocketException: Connection reset
	at java.base/sun.nio.ch.SocketChannelImpl.throwConnectionReset(SocketChannelImpl.java:401)
	at java.base/sun.nio.ch.SocketChannelImpl.read(SocketChannelImpl.java:434)
	at java.net.http/jdk.internal.net.http.SocketTube.readAvailable(SocketTube.java:1178)
	at java.net.http/jdk.internal.net.http.SocketTube$InternalReadPublisher$InternalReadSubscription.read(SocketTube.java:841)
	at java.net.http/jdk.internal.net.http.SocketTube$SocketFlowTask.run(SocketTube.java:181)
	at java.net.http/jdk.internal.net.http.common.SequentialScheduler$SchedulableTask.run(SequentialScheduler.java:207)
	at java.net.http/jdk.internal.net.http.common.SequentialScheduler.runOrSchedule(SequentialScheduler.java:280)
	at java.net.http/jdk.internal.net.http.common.SequentialScheduler.runOrSchedule(SequentialScheduler.java:233)
	at java.net.http/jdk.internal.net.http.SocketTube$InternalReadPublisher$InternalReadSubscription.signalReadable(SocketTube.java:782)
	at java.net.http/jdk.internal.net.http.SocketTube$InternalReadPublisher$ReadEvent.signalEvent(SocketTube.java:965)
	at java.net.http/jdk.internal.net.http.SocketTube$SocketFlowEvent.handle(SocketTube.java:253)
	at java.net.http/jdk.internal.net.http.HttpClientImpl$SelectorManager.handleEvent(HttpClientImpl.java:1467)
	at java.net.http/jdk.internal.net.http.HttpClientImpl$SelectorManager.lambda$run$3(HttpClientImpl.java:1412)
	at java.base/java.util.ArrayList.forEach(ArrayList.java:1596)
	at java.net.http/jdk.internal.net.http.HttpClientImpl$SelectorManager.run(HttpClientImpl.java:1412)

Feb 20, 2024 2:11:40 PM org.openqa.selenium.remote.http.WebSocket$Listener onError
WARNING: Connection reset
java.net.SocketException: Connection reset
	at java.base/sun.nio.ch.SocketChannelImpl.throwConnectionReset(SocketChannelImpl.java:401)
	at java.base/sun.nio.ch.SocketChannelImpl.read(SocketChannelImpl.java:434)
	at java.net.http/jdk.internal.net.http.SocketTube.readAvailable(SocketTube.java:1178)
	at java.net.http/jdk.internal.net.http.SocketTube$InternalReadPublisher$InternalReadSubscription.read(SocketTube.java:841)
	at java.net.http/jdk.internal.net.http.SocketTube$SocketFlowTask.run(SocketTube.java:181)
	at java.net.http/jdk.internal.net.http.common.SequentialScheduler$SchedulableTask.run(SequentialScheduler.java:207)
	at java.net.http/jdk.internal.net.http.common.SequentialScheduler.runOrSchedule(SequentialScheduler.java:280)
	at java.net.http/jdk.internal.net.http.common.SequentialScheduler.runOrSchedule(SequentialScheduler.java:233)
	at java.net.http/jdk.internal.net.http.SocketTube$InternalReadPublisher$InternalReadSubscription.signalReadable(SocketTube.java:782)
	at java.net.http/jdk.internal.net.http.SocketTube$InternalReadPublisher$ReadEvent.signalEvent(SocketTube.java:965)
	at java.net.http/jdk.internal.net.http.SocketTube$SocketFlowEvent.handle(SocketTube.java:253)
	at java.net.http/jdk.internal.net.http.HttpClientImpl$SelectorManager.handleEvent(HttpClientImpl.java:1467)
	at java.net.http/jdk.internal.net.http.HttpClientImpl$SelectorManager.lambda$run$3(HttpClientImpl.java:1412)
	at java.base/java.util.ArrayList.forEach(ArrayList.java:1596)
	at java.net.http/jdk.internal.net.http.HttpClientImpl$SelectorManager.run(HttpClientImpl.java:1412)

]]></system-err>
  </testcase>
  <testcase name="Check login is successfil wiith valid creadentials" classname="feature to test login functionality" time="0.017">
    <error message="Cannot invoke &quot;org.openqa.selenium.WebDriver.navigate()&quot; because &quot;this.driver&quot; is null" type="java.lang.NullPointerException"><![CDATA[java.lang.NullPointerException: Cannot invoke "org.openqa.selenium.WebDriver.navigate()" because "this.driver" is null
	at steps.loginDemoSteps.user_is_on_login_page(loginDemoSteps.java:36)
	at ✽.user is on login page(file:///C:/Users/user/eclipse-workspace/CucumberSeleium/src/test/resources/feature/login.feature:4)
]]></error>
    <system-out><![CDATA[
Scenario: Check login is successfil wiith valid creadentials # src/test/resources/feature/login.feature:3
  Given user is on login page                                # steps.loginDemoSteps.user_is_on_login_page()
      java.lang.NullPointerException: Cannot invoke "org.openqa.selenium.WebDriver.navigate()" because "this.driver" is null
	at steps.loginDemoSteps.user_is_on_login_page(loginDemoSteps.java:36)
	at ✽.user is on login page(file:///C:/Users/user/eclipse-workspace/CucumberSeleium/src/test/resources/feature/login.feature:4)

  When user enters username and password
  And clicks on login page
  Then user is navigated to the Home Page
]]></system-out>
  </testcase>
</testsuite>